=/pretest.json
{
  _: [],
  f: [
    '/home/mediatechlab/Documents/Virtual-Labs/exp-ideation-concept-generation-iitd/experiment/pretest.json'
  ],
  files: [
    '/home/mediatechlab/Documents/Virtual-Labs/exp-ideation-concept-generation-iitd/experiment/pretest.json'
  ],
  c: 'assessment',
  contentTypes: 'assessment',
  'content-types': 'assessment',
  '$0': 'validate'
}
Validated true
=/posttest.json
{
  _: [],
  f: [
    '/home/mediatechlab/Documents/Virtual-Labs/exp-ideation-concept-generation-iitd/experiment/posttest.json'
  ],
  files: [
    '/home/mediatechlab/Documents/Virtual-Labs/exp-ideation-concept-generation-iitd/experiment/posttest.json'
  ],
  c: 'assessment',
  contentTypes: 'assessment',
  'content-types': 'assessment',
  '$0': 'validate'
}
Validated true
